2026-04-23 09:28:09,574 - main - INFO - === Logging system initialized ===
2026-04-23 09:28:10,334 - main - INFO - Included router: routers.auth.router
2026-04-23 09:28:10,372 - main - INFO - Included router: routers.diet_plans.router
2026-04-23 09:28:10,373 - main - INFO - Included router: routers.health.router
2026-04-23 09:28:10,410 - main - INFO - Included router: routers.meal_logs.router
2026-04-23 09:28:10,427 - main - INFO - Included router: routers.settings.router
2026-04-23 09:28:10,459 - main - INFO - Included router: routers.storage.router
2026-04-23 09:28:10,464 - main - INFO - Included router: routers.user.router
2026-04-23 09:28:10,498 - main - INFO - Included router: routers.weight_entries.router
2026-04-23 09:28:10,498 - main - INFO - === Application startup initiated ===
2026-04-23 09:33:03,454 - routers.auth - INFO - [token/exchange] Received platform token exchange request
2026-04-23 09:33:03,580 - main - ERROR - Exception: AttributeError: 'Settings' object has no attribute 'oidc_issuer_url'
Traceback (most recent call last):
  File "/Users/marcy/Development/Art/NUTRIFIT/backend/venv/lib/python3.13/site-packages/starlette/middleware/errors.py", line 164, in __call__
    await self.app(scope, receive, _send)
  File "/Users/marcy/Development/Art/NUTRIFIT/backend/venv/lib/python3.13/site-packages/starlette/middleware/cors.py", line 96, in __call__
    await self.simple_response(scope, receive, send, request_headers=headers)
  File "/Users/marcy/Development/Art/NUTRIFIT/backend/venv/lib/python3.13/site-packages/starlette/middleware/cors.py", line 154, in simple_response
    await self.app(scope, receive, send)
  File "/Users/marcy/Development/Art/NUTRIFIT/backend/venv/lib/python3.13/site-packages/starlette/middleware/exceptions.py", line 63, in __call__
    await wrap_app_handling_exceptions(self.app, conn)(scope, receive, send)
  File "/Users/marcy/Development/Art/NUTRIFIT/backend/venv/lib/python3.13/site-packages/starlette/_exception_handler.py", line 53, in wrapped_app
    raise exc
  File "/Users/marcy/Development/Art/NUTRIFIT/backend/venv/lib/python3.13/site-packages/starlette/_exception_handler.py", line 42, in wrapped_app
    await app(scope, receive, sender)
  File "/Users/marcy/Development/Art/NUTRIFIT/backend/venv/lib/python3.13/site-packages/fastapi/middleware/asyncexitstack.py", line 18, in __call__
    await self.app(scope, receive, send)
  File "/Users/marcy/Development/Art/NUTRIFIT/backend/venv/lib/python3.13/site-packages/starlette/routing.py", line 660, in __call__
    await self.middleware_stack(scope, receive, send)
  File "/Users/marcy/Development/Art/NUTRIFIT/backend/venv/lib/python3.13/site-packages/starlette/routing.py", line 680, in app
    await route.handle(scope, receive, send)
  File "/Users/marcy/Development/Art/NUTRIFIT/backend/venv/lib/python3.13/site-packages/starlette/routing.py", line 276, in handle
    await self.app(scope, receive, send)
  File "/Users/marcy/Development/Art/NUTRIFIT/backend/venv/lib/python3.13/site-packages/fastapi/routing.py", line 134, in app
    await wrap_app_handling_exceptions(app, request)(scope, receive, send)
  File "/Users/marcy/Development/Art/NUTRIFIT/backend/venv/lib/python3.13/site-packages/starlette/_exception_handler.py", line 53, in wrapped_app
    raise exc
  File "/Users/marcy/Development/Art/NUTRIFIT/backend/venv/lib/python3.13/site-packages/starlette/_exception_handler.py", line 42, in wrapped_app
    await app(scope, receive, sender)
  File "/Users/marcy/Development/Art/NUTRIFIT/backend/venv/lib/python3.13/site-packages/fastapi/routing.py", line 120, in app
    response = await f(request)
               ^^^^^^^^^^^^^^^^
  File "/Users/marcy/Development/Art/NUTRIFIT/backend/venv/lib/python3.13/site-packages/fastapi/routing.py", line 674, in app
    raw_response = await run_endpoint_function(
                   ^^^^^^^^^^^^^^^^^^^^^^^^^^^^
    ...<3 lines>...
    )
    ^
  File "/Users/marcy/Development/Art/NUTRIFIT/backend/venv/lib/python3.13/site-packages/fastapi/routing.py", line 328, in run_endpoint_function
    return await dependant.call(**values)
           ^^^^^^^^^^^^^^^^^^^^^^^^^^^^^^
  File "/Users/marcy/Development/Art/NUTRIFIT/backend/routers/auth.py", line 236, in exchange_platform_token
    verify_url = f"{settings.oidc_issuer_url}/platform/tokens/verify"
                    ^^^^^^^^^^^^^^^^^^^^^^^^
  File "/Users/marcy/Development/Art/NUTRIFIT/backend/venv/lib/python3.13/site-packages/pydantic/main.py", line 1026, in __getattr__
    raise AttributeError(f'{type(self).__name__!r} object has no attribute {item!r}')
AttributeError: 'Settings' object has no attribute 'oidc_issuer_url'

2026-04-23 09:40:40,671 - main - INFO - === Application shutdown ===
